 
****************************************
Report : qor
Design : pit_top
Version: V-2023.12
Date   : Mon May  6 07:08:53 2024
****************************************


  Timing Path Group 'INPUTS'
  -----------------------------------
  Levels of Logic:               7.00
  Critical Path Length:          0.38
  Critical Path Slack:           0.21
  Critical Path Clk Period:      1.00
  Total Negative Slack:          0.00
  No. of Violating Paths:        0.00
  Worst Hold Violation:          0.00
  Total Hold Violation:          0.00
  No. of Hold Violations:        0.00
  -----------------------------------

  Timing Path Group 'OUTPUTS'
  -----------------------------------
  Levels of Logic:               0.00
  Critical Path Length:          0.16
  Critical Path Slack:           0.49
  Critical Path Clk Period:      1.00
  Total Negative Slack:          0.00
  No. of Violating Paths:        0.00
  Worst Hold Violation:          0.00
  Total Hold Violation:          0.00
  No. of Hold Violations:        0.00
  -----------------------------------

  Timing Path Group 'clk'
  -----------------------------------
  Levels of Logic:              16.00
  Critical Path Length:          0.82
  Critical Path Slack:           0.06
  Critical Path Clk Period:      1.00
  Total Negative Slack:          0.00
  No. of Violating Paths:        0.00
  Worst Hold Violation:          0.00
  Total Hold Violation:          0.00
  No. of Hold Violations:        0.00
  -----------------------------------


  Cell Count
  -----------------------------------
  Hierarchical Cell Count:          1
  Hierarchical Port Count:         64
  Leaf Cell Count:                302
  Buf/Inv Cell Count:              44
  Buf Cell Count:                   0
  Inv Cell Count:                  44
  CT Buf/Inv Cell Count:            0
  Combinational Cell Count:       246
  Sequential Cell Count:           56
  Macro Count:                      0
  -----------------------------------


  Area
  -----------------------------------
  Combinational Area:     1865.318403
  Noncombinational Area:  1804.492828
  Buf/Inv Area:            243.302406
  Total Buffer Area:             0.00
  Total Inverter Area:         243.30
  Macro/Black Box Area:      0.000000
  Net Area:                190.227459
  -----------------------------------
  Cell Area:              3669.811232
  Design Area:            3860.038691


  Design Rules
  -----------------------------------
  Total Number of Nets:           336
  Nets With Violations:             0
  Max Trans Violations:             0
  Max Cap Violations:               0
  -----------------------------------


  Hostname: elc-v1111111-lnx

  Compile CPU Statistics
  -----------------------------------------
  Resource Sharing:                    4.98
  Logic Optimization:                 10.01
  Mapping Optimization:                6.01
  -----------------------------------------
  Overall Compile Time:               31.62
  Overall Compile Wall Clock Time:    53.33

  --------------------------------------------------------------------

  Design  WNS: 0.00  TNS: 0.00  Number of Violating Paths: 0


  Design (Hold)  WNS: 0.00  TNS: 0.00  Number of Violating Paths: 0

  --------------------------------------------------------------------


1
